[2013-07-03 12:34:52] xtractpdf.INFO: > GET /xtractpdf/ [] []
[2013-07-03 12:34:53] xtractpdf.INFO: < 200 [] []
[2013-07-08 11:41:58] xtractpdf.INFO: > GET /xtractpdf/ [] []
[2013-07-08 11:42:00] xtractpdf.INFO: < 200 [] []
[2013-07-08 11:42:01] xtractpdf.INFO: > GET /xtractpdf/library [] []
[2013-07-08 11:42:02] xtractpdf.INFO: < 200 [] []
[2013-07-08 11:42:12] xtractpdf.INFO: > POST /xtractpdf/library [] []
[2013-07-08 11:42:26] xtractpdf.INFO: < 201 [] []
[2013-07-08 11:42:35] xtractpdf.INFO: > GET /xtractpdf/library/dc37c534ae90685e74de9858f2cdb65b [] []
[2013-07-08 11:42:35] xtractpdf.INFO: < 200 [] []
[2013-07-08 11:42:36] xtractpdf.INFO: > GET /xtractpdf/pdf/dc37c534ae90685e74de9858f2cdb65b [] []
[2013-07-08 11:42:37] xtractpdf.INFO: < 200 [] []
[2013-07-08 11:42:37] xtractpdf.INFO: > GET /xtractpdf/library/dc37c534ae90685e74de9858f2cdb65b?disp_opts=true [] []
[2013-07-08 11:42:37] xtractpdf.INFO: < 200 [] []
[2013-07-08 11:42:49] xtractpdf.INFO: > POST /xtractpdf/library/dc37c534ae90685e74de9858f2cdb65b [] []
[2013-07-08 11:42:49] xtractpdf.INFO: < 200 [] []
[2013-07-08 11:42:53] xtractpdf.INFO: > POST /xtractpdf/library/dc37c534ae90685e74de9858f2cdb65b [] []
[2013-07-08 11:42:54] xtractpdf.INFO: < 200 [] []
[2013-07-08 11:43:04] xtractpdf.INFO: > POST /xtractpdf/library/dc37c534ae90685e74de9858f2cdb65b [] []
[2013-07-08 11:43:04] xtractpdf.INFO: < 200 [] []
[2013-07-08 11:43:08] xtractpdf.INFO: > POST /xtractpdf/library/dc37c534ae90685e74de9858f2cdb65b [] []
[2013-07-08 11:43:09] xtractpdf.INFO: < 200 [] []
[2013-07-08 11:43:13] xtractpdf.INFO: > POST /xtractpdf/library/dc37c534ae90685e74de9858f2cdb65b [] []
[2013-07-08 11:43:14] xtractpdf.INFO: < 200 [] []
[2013-07-08 11:43:18] xtractpdf.INFO: > POST /xtractpdf/library/dc37c534ae90685e74de9858f2cdb65b [] []
[2013-07-08 11:43:19] xtractpdf.INFO: < 200 [] []
[2013-07-08 11:43:23] xtractpdf.INFO: > POST /xtractpdf/library/dc37c534ae90685e74de9858f2cdb65b [] []
[2013-07-08 11:43:24] xtractpdf.INFO: < 200 [] []
[2013-07-08 11:43:28] xtractpdf.INFO: > POST /xtractpdf/library/dc37c534ae90685e74de9858f2cdb65b [] []
[2013-07-08 11:43:29] xtractpdf.INFO: < 200 [] []
[2013-07-08 11:43:33] xtractpdf.INFO: > POST /xtractpdf/library/dc37c534ae90685e74de9858f2cdb65b [] []
[2013-07-08 11:43:34] xtractpdf.INFO: < 200 [] []
[2013-07-08 11:43:38] xtractpdf.INFO: > POST /xtractpdf/library/dc37c534ae90685e74de9858f2cdb65b [] []
[2013-07-08 11:43:39] xtractpdf.INFO: < 200 [] []
[2013-07-08 11:43:43] xtractpdf.INFO: > POST /xtractpdf/library/dc37c534ae90685e74de9858f2cdb65b [] []
[2013-07-08 11:43:44] xtractpdf.INFO: < 200 [] []
[2013-07-08 11:43:48] xtractpdf.INFO: > POST /xtractpdf/library/dc37c534ae90685e74de9858f2cdb65b [] []
[2013-07-08 11:43:49] xtractpdf.INFO: < 200 [] []
[2013-07-08 11:43:53] xtractpdf.INFO: > POST /xtractpdf/library/dc37c534ae90685e74de9858f2cdb65b [] []
[2013-07-08 11:43:54] xtractpdf.INFO: < 200 [] []
[2013-07-08 11:43:58] xtractpdf.INFO: > POST /xtractpdf/library/dc37c534ae90685e74de9858f2cdb65b [] []
[2013-07-08 11:43:59] xtractpdf.INFO: < 200 [] []
[2013-07-08 11:44:03] xtractpdf.INFO: > POST /xtractpdf/library/dc37c534ae90685e74de9858f2cdb65b [] []
[2013-07-08 11:44:04] xtractpdf.INFO: < 200 [] []
[2013-07-08 11:44:08] xtractpdf.INFO: > POST /xtractpdf/library/dc37c534ae90685e74de9858f2cdb65b [] []
[2013-07-08 11:44:09] xtractpdf.INFO: < 200 [] []
[2013-07-08 11:44:13] xtractpdf.INFO: > POST /xtractpdf/library/dc37c534ae90685e74de9858f2cdb65b [] []
[2013-07-08 11:44:14] xtractpdf.INFO: < 200 [] []
[2013-07-08 11:44:23] xtractpdf.INFO: > POST /xtractpdf/library/dc37c534ae90685e74de9858f2cdb65b [] []
[2013-07-08 11:44:24] xtractpdf.INFO: < 200 [] []
[2013-07-08 11:44:28] xtractpdf.INFO: > POST /xtractpdf/library/dc37c534ae90685e74de9858f2cdb65b [] []
[2013-07-08 11:44:29] xtractpdf.INFO: < 200 [] []
[2013-07-08 11:44:39] xtractpdf.INFO: > POST /xtractpdf/library/dc37c534ae90685e74de9858f2cdb65b [] []
[2013-07-08 11:44:39] xtractpdf.INFO: < 200 [] []
[2013-07-08 11:44:43] xtractpdf.INFO: > POST /xtractpdf/library/dc37c534ae90685e74de9858f2cdb65b [] []
[2013-07-08 11:44:44] xtractpdf.INFO: < 200 [] []
[2013-07-08 11:44:48] xtractpdf.INFO: > POST /xtractpdf/library/dc37c534ae90685e74de9858f2cdb65b [] []
[2013-07-08 11:44:49] xtractpdf.INFO: < 200 [] []
[2013-07-08 11:44:58] xtractpdf.INFO: > POST /xtractpdf/library/dc37c534ae90685e74de9858f2cdb65b [] []
[2013-07-08 11:44:59] xtractpdf.INFO: < 200 [] []
[2013-07-08 11:45:03] xtractpdf.INFO: > POST /xtractpdf/library/dc37c534ae90685e74de9858f2cdb65b [] []
[2013-07-08 11:45:03] xtractpdf.INFO: < 200 [] []
[2013-07-08 11:45:13] xtractpdf.INFO: > POST /xtractpdf/library/dc37c534ae90685e74de9858f2cdb65b [] []
[2013-07-08 11:45:14] xtractpdf.INFO: < 200 [] []
[2013-07-08 11:45:18] xtractpdf.INFO: > POST /xtractpdf/library/dc37c534ae90685e74de9858f2cdb65b [] []
[2013-07-08 11:45:19] xtractpdf.INFO: < 200 [] []
[2013-07-08 11:45:23] xtractpdf.INFO: > POST /xtractpdf/library/dc37c534ae90685e74de9858f2cdb65b [] []
[2013-07-08 11:45:24] xtractpdf.INFO: < 200 [] []
[2013-07-08 11:45:33] xtractpdf.INFO: > POST /xtractpdf/library/dc37c534ae90685e74de9858f2cdb65b [] []
[2013-07-08 11:45:34] xtractpdf.INFO: < 200 [] []
[2013-07-08 11:45:38] xtractpdf.INFO: > POST /xtractpdf/library/dc37c534ae90685e74de9858f2cdb65b [] []
[2013-07-08 11:45:39] xtractpdf.INFO: < 200 [] []
[2013-07-08 11:45:43] xtractpdf.INFO: > POST /xtractpdf/library/dc37c534ae90685e74de9858f2cdb65b [] []
[2013-07-08 11:45:44] xtractpdf.INFO: < 200 [] []
[2013-07-08 11:45:48] xtractpdf.INFO: > POST /xtractpdf/library/dc37c534ae90685e74de9858f2cdb65b [] []
[2013-07-08 11:45:49] xtractpdf.INFO: < 200 [] []
[2013-07-08 11:45:53] xtractpdf.INFO: > POST /xtractpdf/library/dc37c534ae90685e74de9858f2cdb65b [] []
[2013-07-08 11:45:54] xtractpdf.INFO: < 200 [] []
[2013-07-08 11:45:58] xtractpdf.INFO: > POST /xtractpdf/library/dc37c534ae90685e74de9858f2cdb65b [] []
[2013-07-08 11:45:59] xtractpdf.INFO: < 200 [] []
[2013-07-08 11:46:08] xtractpdf.INFO: > POST /xtractpdf/library/dc37c534ae90685e74de9858f2cdb65b [] []
[2013-07-08 11:46:09] xtractpdf.INFO: < 200 [] []
[2013-07-08 11:46:13] xtractpdf.INFO: > POST /xtractpdf/library/dc37c534ae90685e74de9858f2cdb65b [] []
[2013-07-08 11:46:14] xtractpdf.INFO: < 200 [] []
[2013-07-08 11:46:18] xtractpdf.INFO: > POST /xtractpdf/library/dc37c534ae90685e74de9858f2cdb65b [] []
[2013-07-08 11:46:19] xtractpdf.INFO: < 200 [] []
[2013-07-08 11:46:23] xtractpdf.INFO: > POST /xtractpdf/library/dc37c534ae90685e74de9858f2cdb65b [] []
[2013-07-08 11:46:24] xtractpdf.INFO: < 200 [] []
[2013-07-08 11:46:28] xtractpdf.INFO: > POST /xtractpdf/library/dc37c534ae90685e74de9858f2cdb65b [] []
[2013-07-08 11:46:29] xtractpdf.INFO: < 200 [] []
[2013-07-08 11:46:33] xtractpdf.INFO: > POST /xtractpdf/library/dc37c534ae90685e74de9858f2cdb65b [] []
[2013-07-08 11:46:34] xtractpdf.INFO: < 200 [] []
[2013-07-08 11:46:38] xtractpdf.INFO: > POST /xtractpdf/library/dc37c534ae90685e74de9858f2cdb65b [] []
[2013-07-08 11:46:39] xtractpdf.INFO: < 200 [] []
[2013-07-08 11:46:43] xtractpdf.INFO: > POST /xtractpdf/library/dc37c534ae90685e74de9858f2cdb65b [] []
[2013-07-08 11:46:44] xtractpdf.INFO: < 200 [] []
[2013-07-08 11:46:48] xtractpdf.INFO: > POST /xtractpdf/library/dc37c534ae90685e74de9858f2cdb65b [] []
[2013-07-08 11:46:49] xtractpdf.INFO: < 200 [] []
[2013-07-08 11:46:53] xtractpdf.INFO: > POST /xtractpdf/library/dc37c534ae90685e74de9858f2cdb65b [] []
[2013-07-08 11:46:54] xtractpdf.INFO: < 200 [] []
[2013-07-08 11:47:03] xtractpdf.INFO: > POST /xtractpdf/library/dc37c534ae90685e74de9858f2cdb65b [] []
[2013-07-08 11:47:04] xtractpdf.INFO: < 200 [] []
[2013-07-08 11:47:18] xtractpdf.INFO: > POST /xtractpdf/library/dc37c534ae90685e74de9858f2cdb65b [] []
[2013-07-08 11:47:19] xtractpdf.INFO: < 200 [] []
[2013-07-08 11:47:23] xtractpdf.INFO: > POST /xtractpdf/library/dc37c534ae90685e74de9858f2cdb65b [] []
[2013-07-08 11:47:24] xtractpdf.INFO: < 200 [] []
[2013-07-08 11:47:28] xtractpdf.INFO: > POST /xtractpdf/library/dc37c534ae90685e74de9858f2cdb65b [] []
[2013-07-08 11:47:29] xtractpdf.INFO: < 200 [] []
[2013-07-08 11:47:33] xtractpdf.INFO: > POST /xtractpdf/library/dc37c534ae90685e74de9858f2cdb65b [] []
[2013-07-08 11:47:34] xtractpdf.INFO: < 200 [] []
[2013-07-08 11:47:38] xtractpdf.INFO: > POST /xtractpdf/library/dc37c534ae90685e74de9858f2cdb65b [] []
[2013-07-08 11:47:39] xtractpdf.INFO: < 200 [] []
[2013-07-08 11:47:43] xtractpdf.INFO: > POST /xtractpdf/library/dc37c534ae90685e74de9858f2cdb65b [] []
[2013-07-08 11:47:44] xtractpdf.INFO: < 200 [] []
[2013-07-08 11:47:48] xtractpdf.INFO: > POST /xtractpdf/library/dc37c534ae90685e74de9858f2cdb65b [] []
[2013-07-08 11:47:49] xtractpdf.INFO: < 200 [] []
[2013-07-08 11:47:53] xtractpdf.INFO: > POST /xtractpdf/library/dc37c534ae90685e74de9858f2cdb65b [] []
[2013-07-08 11:47:54] xtractpdf.INFO: < 200 [] []
[2013-07-08 11:48:03] xtractpdf.INFO: > POST /xtractpdf/library/dc37c534ae90685e74de9858f2cdb65b [] []
[2013-07-08 11:48:04] xtractpdf.INFO: < 200 [] []
[2013-07-08 11:48:05] xtractpdf.INFO: > POST /xtractpdf/library/dc37c534ae90685e74de9858f2cdb65b [] []
[2013-07-08 11:48:06] xtractpdf.INFO: < 200 [] []
[2013-07-08 11:48:08] xtractpdf.INFO: > POST /xtractpdf/library/dc37c534ae90685e74de9858f2cdb65b [] []
[2013-07-08 11:48:09] xtractpdf.INFO: < 200 [] []
[2013-07-08 11:48:16] xtractpdf.INFO: > GET /xtractpdf/library/dc37c534ae90685e74de9858f2cdb65b?response_format=jats&dl=true [] []
[2013-07-08 11:48:16] xtractpdf.INFO: < 200 [] []
[2013-07-11 10:17:56] xtractpdf.INFO: > GET /xtractpdf/ [] []
[2013-07-11 10:18:00] xtractpdf.INFO: < 200 [] []
[2013-07-11 10:18:04] xtractpdf.INFO: > GET /xtractpdf/library [] []
[2013-07-11 10:18:06] xtractpdf.INFO: < 200 [] []
[2013-07-11 10:22:34] xtractpdf.INFO: > GET /xtractpdf/library/dc37c534ae90685e74de9858f2cdb65b [] []
[2013-07-11 10:22:36] xtractpdf.INFO: < 200 [] []
[2013-07-11 10:22:38] xtractpdf.INFO: > GET /xtractpdf/pdf/dc37c534ae90685e74de9858f2cdb65b [] []
[2013-07-11 10:22:39] xtractpdf.INFO: > GET /xtractpdf/library/dc37c534ae90685e74de9858f2cdb65b?disp_opts=true [] []
[2013-07-11 10:22:40] xtractpdf.INFO: < 200 [] []
[2013-07-11 10:22:41] xtractpdf.INFO: < 200 [] []
[2013-07-11 10:32:24] xtractpdf.INFO: > POST /xtractpdf/library/dc37c534ae90685e74de9858f2cdb65b [] []
[2013-07-11 10:32:26] xtractpdf.INFO: < 200 [] []
[2013-07-11 10:32:29] xtractpdf.INFO: > POST /xtractpdf/library/dc37c534ae90685e74de9858f2cdb65b [] []
[2013-07-11 10:32:30] xtractpdf.INFO: < 200 [] []
[2013-07-11 10:32:34] xtractpdf.INFO: > POST /xtractpdf/library/dc37c534ae90685e74de9858f2cdb65b [] []
[2013-07-11 10:32:36] xtractpdf.INFO: < 200 [] []
[2013-07-29 15:49:36] xtractpdf.INFO: > GET /xtractpdf/ [] []
[2013-07-29 15:49:38] xtractpdf.INFO: < 200 [] []
[2013-08-01 14:48:41] xtractpdf.INFO: > GET /xtractpdf/ [] []
[2013-08-01 14:48:43] xtractpdf.INFO: < 200 [] []
[2013-08-01 14:48:44] xtractpdf.INFO: > GET /xtractpdf/library [] []
[2013-08-01 14:48:45] xtractpdf.INFO: < 200 [] []
[2013-08-01 14:48:47] xtractpdf.INFO: > GET /xtractpdf/library/126611ba6792dad6e0c113f7e88fd2e2 [] []
[2013-08-01 14:48:47] xtractpdf.INFO: < 200 [] []
[2013-08-01 14:48:48] xtractpdf.INFO: > GET /xtractpdf/pdf/126611ba6792dad6e0c113f7e88fd2e2 [] []
[2013-08-01 14:48:49] xtractpdf.INFO: < 200 [] []
[2013-08-01 14:48:49] xtractpdf.INFO: > GET /xtractpdf/library/126611ba6792dad6e0c113f7e88fd2e2?disp_opts=true [] []
[2013-08-01 14:48:49] xtractpdf.INFO: < 200 [] []
[2013-08-06 20:21:15] xtractpdf.INFO: > GET /xtractpdf/ [] []
[2013-08-06 20:21:17] xtractpdf.INFO: < 200 [] []
[2013-08-06 20:21:19] xtractpdf.INFO: > GET /xtractpdf/library [] []
[2013-08-06 20:21:19] xtractpdf.INFO: < 200 [] []
[2013-08-06 20:21:22] xtractpdf.INFO: > GET /xtractpdf/library/126611ba6792dad6e0c113f7e88fd2e2 [] []
[2013-08-06 20:21:23] xtractpdf.INFO: < 200 [] []
[2013-08-06 20:21:26] xtractpdf.INFO: > GET /xtractpdf/library/126611ba6792dad6e0c113f7e88fd2e2?disp_opts=true [] []
[2013-08-06 20:21:26] xtractpdf.INFO: > GET /xtractpdf/pdf/126611ba6792dad6e0c113f7e88fd2e2 [] []
[2013-08-06 20:21:27] xtractpdf.INFO: < 200 [] []
[2013-08-06 20:21:27] xtractpdf.INFO: < 200 [] []
[2013-08-08 09:48:45] xtractpdf.ERROR: Symfony\Component\HttpKernel\Exception\NotFoundHttpException: No route found for "GET /" (uncaught exception) at /vagrant/web/xtractpdf/app/vendor/symfony/http-kernel/Symfony/Component/HttpKernel/EventListener/RouterListener.php line 116 {"exception":"[object] (Symfony\\Component\\HttpKernel\\Exception\\NotFoundHttpException: No route found for \"GET /\" at /vagrant/web/xtractpdf/app/vendor/symfony/http-kernel/Symfony/Component/HttpKernel/EventListener/RouterListener.php:116, Symfony\\Component\\Routing\\Exception\\ResourceNotFoundException:  at /vagrant/web/xtractpdf/app/vendor/symfony/routing/Symfony/Component/Routing/Matcher/UrlMatcher.php:91)"} []
[2013-08-08 09:48:45] xtractpdf.INFO: < 404 [] []
[2013-08-08 09:48:49] xtractpdf.ERROR: Symfony\Component\HttpKernel\Exception\NotFoundHttpException: No route found for "GET /" (uncaught exception) at /vagrant/web/xtractpdf/app/vendor/symfony/http-kernel/Symfony/Component/HttpKernel/EventListener/RouterListener.php line 116 {"exception":"[object] (Symfony\\Component\\HttpKernel\\Exception\\NotFoundHttpException: No route found for \"GET /\" at /vagrant/web/xtractpdf/app/vendor/symfony/http-kernel/Symfony/Component/HttpKernel/EventListener/RouterListener.php:116, Symfony\\Component\\Routing\\Exception\\ResourceNotFoundException:  at /vagrant/web/xtractpdf/app/vendor/symfony/routing/Symfony/Component/Routing/Matcher/UrlMatcher.php:91)"} []
[2013-08-08 09:48:49] xtractpdf.INFO: < 404 [] []
[2013-08-08 09:52:41] xtractpdf.ERROR: Symfony\Component\HttpKernel\Exception\NotFoundHttpException: No route found for "GET /xtractpdf" (uncaught exception) at /vagrant/web/xtractpdf/app/vendor/symfony/http-kernel/Symfony/Component/HttpKernel/EventListener/RouterListener.php line 116 {"exception":"[object] (Symfony\\Component\\HttpKernel\\Exception\\NotFoundHttpException: No route found for \"GET /xtractpdf\" at /vagrant/web/xtractpdf/app/vendor/symfony/http-kernel/Symfony/Component/HttpKernel/EventListener/RouterListener.php:116, Symfony\\Component\\Routing\\Exception\\ResourceNotFoundException:  at /vagrant/web/xtractpdf/app/vendor/symfony/routing/Symfony/Component/Routing/Matcher/UrlMatcher.php:91)"} []
[2013-08-08 09:52:41] xtractpdf.INFO: < 404 [] []
[2013-08-08 09:52:59] xtractpdf.INFO: > GET /xtractpdf/dev.php/xtractpdf [] []
[2013-08-08 09:53:00] xtractpdf.INFO: < 200 [] []
[2013-08-08 09:53:01] xtractpdf.INFO: > GET /xtractpdf/dev.php/xtractpdf/library [] []
[2013-08-08 09:53:02] xtractpdf.INFO: < 200 [] []
[2013-08-08 09:53:05] xtractpdf.INFO: > GET /xtractpdf/dev.php/xtractpdf/library/126611ba6792dad6e0c113f7e88fd2e2 [] []
[2013-08-08 09:53:05] xtractpdf.INFO: < 200 [] []
[2013-08-08 09:53:07] xtractpdf.INFO: > GET /xtractpdf/dev.php/xtractpdf/pdf/126611ba6792dad6e0c113f7e88fd2e2 [] []
[2013-08-08 09:53:07] xtractpdf.INFO: < 200 [] []
[2013-08-08 09:53:07] xtractpdf.INFO: > GET /xtractpdf/dev.php/xtractpdf/library/126611ba6792dad6e0c113f7e88fd2e2?disp_opts=true [] []
[2013-08-08 09:53:08] xtractpdf.INFO: < 200 [] []
[2013-08-08 09:53:53] xtractpdf.INFO: > GET /xtractpdf/dev.php/xtractpdf/library/126611ba6792dad6e0c113f7e88fd2e2?response_format=jats&dl=true [] []
[2013-08-08 09:53:54] xtractpdf.INFO: < 200 [] []
[2013-08-08 09:53:58] xtractpdf.INFO: > POST /xtractpdf/dev.php/xtractpdf/library/126611ba6792dad6e0c113f7e88fd2e2 [] []
[2013-08-08 09:53:59] xtractpdf.INFO: > POST /xtractpdf/dev.php/xtractpdf/library/126611ba6792dad6e0c113f7e88fd2e2 [] []
[2013-08-08 09:53:59] xtractpdf.INFO: < 200 [] []
[2013-08-08 09:53:59] xtractpdf.INFO: < 200 [] []
[2013-08-08 09:54:03] xtractpdf.INFO: > POST /xtractpdf/dev.php/xtractpdf/library/126611ba6792dad6e0c113f7e88fd2e2 [] []
[2013-08-08 09:54:04] xtractpdf.INFO: < 200 [] []
[2013-08-08 09:54:05] xtractpdf.INFO: > GET /xtractpdf/dev.php/xtractpdf/library/126611ba6792dad6e0c113f7e88fd2e2 [] []
[2013-08-08 09:54:05] xtractpdf.INFO: < 200 [] []
[2013-08-08 09:54:06] xtractpdf.INFO: > GET /xtractpdf/dev.php/xtractpdf/pdf/126611ba6792dad6e0c113f7e88fd2e2 [] []
[2013-08-08 09:54:07] xtractpdf.INFO: < 200 [] []
[2013-08-08 09:54:07] xtractpdf.INFO: > GET /xtractpdf/dev.php/xtractpdf/library/126611ba6792dad6e0c113f7e88fd2e2?disp_opts=true [] []
[2013-08-08 09:54:08] xtractpdf.INFO: < 200 [] []
[2013-08-08 09:54:12] xtractpdf.INFO: > POST /xtractpdf/dev.php/xtractpdf/library/126611ba6792dad6e0c113f7e88fd2e2 [] []
[2013-08-08 09:54:13] xtractpdf.INFO: < 200 [] []
[2013-08-08 09:54:15] xtractpdf.INFO: > GET /xtractpdf/dev.php/xtractpdf/library/126611ba6792dad6e0c113f7e88fd2e2 [] []
[2013-08-08 09:54:15] xtractpdf.INFO: < 200 [] []
[2013-08-08 09:54:17] xtractpdf.INFO: > GET /xtractpdf/dev.php/xtractpdf/library/126611ba6792dad6e0c113f7e88fd2e2?disp_opts=true [] []
[2013-08-08 09:54:17] xtractpdf.INFO: > GET /xtractpdf/dev.php/xtractpdf/pdf/126611ba6792dad6e0c113f7e88fd2e2 [] []
[2013-08-08 09:54:17] xtractpdf.INFO: < 200 [] []
[2013-08-08 09:54:18] xtractpdf.INFO: < 200 [] []
[2013-08-08 10:00:20] xtractpdf.ERROR: Symfony\Component\HttpKernel\Exception\NotFoundHttpException: No route found for "GET /xtractpdf/library/126611ba6792dad6e0c113f7e88fd2e2" (uncaught exception) at /vagrant/web/xtractpdf/app/vendor/symfony/http-kernel/Symfony/Component/HttpKernel/EventListener/RouterListener.php line 116 {"exception":"[object] (Symfony\\Component\\HttpKernel\\Exception\\NotFoundHttpException: No route found for \"GET /xtractpdf/library/126611ba6792dad6e0c113f7e88fd2e2\" at /vagrant/web/xtractpdf/app/vendor/symfony/http-kernel/Symfony/Component/HttpKernel/EventListener/RouterListener.php:116, Symfony\\Component\\Routing\\Exception\\ResourceNotFoundException:  at /vagrant/web/xtractpdf/app/vendor/symfony/routing/Symfony/Component/Routing/Matcher/UrlMatcher.php:91)"} []
[2013-08-08 10:00:20] xtractpdf.INFO: < 404 [] []
[2013-08-08 10:00:54] xtractpdf.ERROR: Symfony\Component\HttpKernel\Exception\NotFoundHttpException: No route found for "GET /xtractpdf/library/126611ba6792dad6e0c113f7e88fd2e2" (uncaught exception) at /vagrant/web/xtractpdf/app/vendor/symfony/http-kernel/Symfony/Component/HttpKernel/EventListener/RouterListener.php line 116 {"exception":"[object] (Symfony\\Component\\HttpKernel\\Exception\\NotFoundHttpException: No route found for \"GET /xtractpdf/library/126611ba6792dad6e0c113f7e88fd2e2\" at /vagrant/web/xtractpdf/app/vendor/symfony/http-kernel/Symfony/Component/HttpKernel/EventListener/RouterListener.php:116, Symfony\\Component\\Routing\\Exception\\ResourceNotFoundException:  at /vagrant/web/xtractpdf/app/vendor/symfony/routing/Symfony/Component/Routing/Matcher/UrlMatcher.php:91)"} []
[2013-08-08 10:00:54] xtractpdf.INFO: < 404 [] []
[2013-08-08 10:01:01] xtractpdf.INFO: > GET /xtractpdf/dev.php/xtractpdf/126611ba6792dad6e0c113f7e88fd2e2 [] []
[2013-08-08 10:01:02] xtractpdf.INFO: < 200 [] []
[2013-08-08 10:01:03] xtractpdf.INFO: > GET /xtractpdf/dev.php/xtractpdf/pdf/126611ba6792dad6e0c113f7e88fd2e2 [] []
[2013-08-08 10:01:04] xtractpdf.INFO: > GET /xtractpdf/dev.php/xtractpdf/126611ba6792dad6e0c113f7e88fd2e2?disp_opts=true [] []
[2013-08-08 10:01:04] xtractpdf.INFO: < 200 [] []
[2013-08-08 10:01:04] xtractpdf.INFO: < 200 [] []
[2013-08-08 10:01:11] xtractpdf.INFO: > POST /xtractpdf/dev.php/xtractpdf/126611ba6792dad6e0c113f7e88fd2e2 [] []
[2013-08-08 10:01:12] xtractpdf.INFO: < 200 [] []
[2013-08-08 10:01:16] xtractpdf.INFO: > POST /xtractpdf/dev.php/xtractpdf/126611ba6792dad6e0c113f7e88fd2e2 [] []
[2013-08-08 10:01:16] xtractpdf.INFO: < 200 [] []
[2013-08-08 10:01:19] xtractpdf.INFO: > GET /xtractpdf/dev.php/xtractpdf/126611ba6792dad6e0c113f7e88fd2e2 [] []
[2013-08-08 10:01:19] xtractpdf.INFO: < 200 [] []
[2013-08-08 10:01:21] xtractpdf.INFO: > GET /xtractpdf/dev.php/xtractpdf/pdf/126611ba6792dad6e0c113f7e88fd2e2 [] []
[2013-08-08 10:01:21] xtractpdf.INFO: > GET /xtractpdf/dev.php/xtractpdf/126611ba6792dad6e0c113f7e88fd2e2?disp_opts=true [] []
[2013-08-08 10:01:21] xtractpdf.INFO: < 200 [] []
[2013-08-08 10:01:22] xtractpdf.INFO: < 200 [] []
[2013-08-08 10:01:25] xtractpdf.INFO: > GET /xtractpdf/dev.php/xtractpdf/126611ba6792dad6e0c113f7e88fd2e2?response_format=jats&dl=true [] []
[2013-08-08 10:01:26] xtractpdf.INFO: < 200 [] []
[2013-08-08 10:01:37] xtractpdf.INFO: > GET /xtractpdf/dev.php/xtractpdf [] []
[2013-08-08 10:01:37] xtractpdf.INFO: < 200 [] []
[2013-08-08 10:01:39] xtractpdf.INFO: > GET /xtractpdf/dev.php/xtractpdf [] []
[2013-08-08 10:01:39] xtractpdf.INFO: < 200 [] []
[2013-08-08 10:01:50] xtractpdf.INFO: > GET /xtractpdf/dev.php/xtractpdf [] []
[2013-08-08 10:01:51] xtractpdf.INFO: < 200 [] []
[2013-08-08 10:01:52] xtractpdf.INFO: > GET /xtractpdf/dev.php/xtractpdf [] []
[2013-08-08 10:01:52] xtractpdf.INFO: < 200 [] []
[2013-08-08 10:02:06] xtractpdf.INFO: > GET /xtractpdf/dev.php/xtractpdf [] []
[2013-08-08 10:02:06] xtractpdf.INFO: < 200 [] []
[2013-08-08 10:02:07] xtractpdf.INFO: > GET /xtractpdf/dev.php/xtractpdf [] []
[2013-08-08 10:02:07] xtractpdf.INFO: < 200 [] []
[2013-08-08 10:02:14] xtractpdf.INFO: > GET /xtractpdf/dev.php/xtractpdf [] []
[2013-08-08 10:02:14] xtractpdf.INFO: < 200 [] []
[2013-08-08 10:02:16] xtractpdf.INFO: > GET /xtractpdf/dev.php/xtractpdf [] []
[2013-08-08 10:02:16] xtractpdf.INFO: < 200 [] []
